<?xml version="1.0" encoding="UTF-8"?>
<!-- Generated by org.testng.reporters.JUnitXMLReporter -->
<testsuite ignored="0" hostname="DESKTOP-FSF1HBS" failures="0" tests="4" name="Surefire test" time="0.041" errors="0" timestamp="2020-07-31T11:58:32 PDT">
  <testcase classname="maven.package1.LoginTest" name="createUser" time="0.005"/>
  <testcase classname="maven.package1.LoginTest" name="createUser" time="0.0"/>
  <testcase classname="maven.package1.LoginTest" name="deleteUser" time="0.0"/>
  <testcase classname="maven.package1.LoginTest" name="deleteUser" time="0.0"/>
</testsuite> <!-- Surefire test -->
