<?xml version="1.0" encoding="UTF-8"?>
<testng-results ignored="0" total="4" passed="4" failed="0" skipped="0">
  <reporter-output>
  </reporter-output>
  <suite started-at="2020-07-31T11:58:32 PDT" name="Surefire suite" finished-at="2020-07-31T11:58:32 PDT" duration-ms="41">
    <groups>
    </groups>
    <test started-at="2020-07-31T11:58:32 PDT" name="Surefire test" finished-at="2020-07-31T11:58:32 PDT" duration-ms="41">
      <class name="maven.package1.LoginTest">
        <test-method signature="createUser(java.lang.String, java.lang.String, int)[pri:0, instance:maven.package1.LoginTest@704d6e83]" started-at="2020-07-31T11:58:32 PDT" name="createUser" data-provider="getData" finished-at="2020-07-31T11:58:32 PDT" duration-ms="5" status="PASS">
          <params>
            <param index="0">
              <value>
                <![CDATA[chrome]]>
              </value>
            </param>
            <param index="1">
              <value>
                <![CDATA[username1]]>
              </value>
            </param>
            <param index="2">
              <value>
                <![CDATA[34]]>
              </value>
            </param>
          </params>
          <reporter-output>
          </reporter-output>
        </test-method> <!-- createUser -->
        <test-method signature="createUser(java.lang.String, java.lang.String, int)[pri:0, instance:maven.package1.LoginTest@704d6e83]" started-at="2020-07-31T11:58:32 PDT" name="createUser" data-provider="getData" finished-at="2020-07-31T11:58:32 PDT" duration-ms="0" status="PASS">
          <params>
            <param index="0">
              <value>
                <![CDATA[firefox]]>
              </value>
            </param>
            <param index="1">
              <value>
                <![CDATA[username2]]>
              </value>
            </param>
            <param index="2">
              <value>
                <![CDATA[23]]>
              </value>
            </param>
          </params>
          <reporter-output>
          </reporter-output>
        </test-method> <!-- createUser -->
        <test-method signature="deleteUser(java.lang.String, int)[pri:0, instance:maven.package1.LoginTest@704d6e83]" started-at="2020-07-31T11:58:32 PDT" name="deleteUser" data-provider="getData" finished-at="2020-07-31T11:58:32 PDT" duration-ms="0" status="PASS">
          <params>
            <param index="0">
              <value>
                <![CDATA[delete-username2]]>
              </value>
            </param>
            <param index="1">
              <value>
                <![CDATA[23]]>
              </value>
            </param>
          </params>
          <reporter-output>
          </reporter-output>
        </test-method> <!-- deleteUser -->
        <test-method signature="deleteUser(java.lang.String, int)[pri:0, instance:maven.package1.LoginTest@704d6e83]" started-at="2020-07-31T11:58:32 PDT" name="deleteUser" data-provider="getData" finished-at="2020-07-31T11:58:32 PDT" duration-ms="0" status="PASS">
          <params>
            <param index="0">
              <value>
                <![CDATA[delete-username1]]>
              </value>
            </param>
            <param index="1">
              <value>
                <![CDATA[34]]>
              </value>
            </param>
          </params>
          <reporter-output>
          </reporter-output>
        </test-method> <!-- deleteUser -->
      </class> <!-- maven.package1.LoginTest -->
    </test> <!-- Surefire test -->
  </suite> <!-- Surefire suite -->
</testng-results>
