<?xml version="1.0" encoding="UTF-8"?>
<testsuite xmlns:xsi="http://www.w3.org/2001/XMLSchema-instance" xsi:noNamespaceSchemaLocation="https://maven.apache.org/surefire/maven-surefire-plugin/xsd/surefire-test-report.xsd" name="maven.package1.LoginTest" time="0.518" tests="4" errors="0" skipped="0" failures="0">
  <properties>
[...]
</properties>
  <testcase name="createUser" classname="maven.package1.LoginTest" time="0.007"/>
  <testcase name="createUser" classname="maven.package1.LoginTest" time="0.003"/>
  <testcase name="deleteUser" classname="maven.package1.LoginTest" time="0.001"/>
  <testcase name="deleteUser" classname="maven.package1.LoginTest" time="0.002"/>
</testsuite>