<?xml version="1.0" encoding="UTF-8"?>
<!-- Generated by org.testng.reporters.JUnitXMLReporter -->
<testsuite ignored="0" hostname="DESKTOP-FSF1HBS" failures="0" tests="3" name="Default test" time="0.042" errors="0" timestamp="2020-07-30T16:38:23 PDT">
  <testcase classname="pkg1.SearchPhone" name="phoneSearchTest" time="0.01"/>
  <testcase classname="pkg1.SearchPhone" name="select" time="0.001"/>
  <testcase classname="pkg1.SearchPhone" name="checkout" time="0.001"/>
</testsuite> <!-- Default test -->
