<?xml version="1.0" encoding="UTF-8"?>
<!-- Generated by org.testng.reporters.JUnitXMLReporter -->
<testsuite ignored="0" hostname="DESKTOP-FSF1HBS" failures="0" tests="7" name="Test_First" time="0.065" errors="0" timestamp="2020-07-30T16:41:24 PDT">
  <testcase classname="maven.package1.LoginTest" name="createUser" time="0.008"/>
  <testcase classname="maven.package1.LoginTest" name="createUser" time="0.002"/>
  <testcase classname="maven.package1.LoginTest" name="deleteUser" time="0.001"/>
  <testcase classname="maven.package1.LoginTest" name="deleteUser" time="0.001"/>
  <testcase classname="maven.package1.SearchPhone" name="phoneSearchTest" time="0.005"/>
  <testcase classname="maven.package1.SearchPhone" name="select" time="0.002"/>
  <testcase classname="maven.package1.SearchPhone" name="checkout" time="0.001"/>
</testsuite> <!-- Test_First -->
