<?xml version="1.0" encoding="UTF-8"?>
<testng-results ignored="0" total="3" passed="3" failed="0" skipped="0">
  <reporter-output>
  </reporter-output>
  <suite started-at="2020-07-30T16:38:23 PDT" name="Default suite" finished-at="2020-07-30T16:38:23 PDT" duration-ms="42">
    <groups>
    </groups>
    <test started-at="2020-07-30T16:38:23 PDT" name="Default test" finished-at="2020-07-30T16:38:23 PDT" duration-ms="42">
      <class name="pkg1.SearchPhone">
        <test-method signature="phoneSearchTest(org.testng.ITestContext)[pri:0, instance:pkg1.SearchPhone@3b2da18f]" started-at="2020-07-30T16:38:23 PDT" name="phoneSearchTest" finished-at="2020-07-30T16:38:23 PDT" duration-ms="10" status="PASS">
          <params>
            <param index="0">
              <value>
                <![CDATA[org.testng.TestRunner@654f0d9c]]>
              </value>
            </param>
          </params>
          <reporter-output>
          </reporter-output>
        </test-method> <!-- phoneSearchTest -->
        <test-method signature="select(org.testng.ITestContext)[pri:0, instance:pkg1.SearchPhone@3b2da18f]" started-at="2020-07-30T16:38:23 PDT" name="select" finished-at="2020-07-30T16:38:23 PDT" depends-on-methods="pkg1.SearchPhone.phoneSearchTest" duration-ms="1" status="PASS">
          <params>
            <param index="0">
              <value>
                <![CDATA[org.testng.TestRunner@654f0d9c]]>
              </value>
            </param>
          </params>
          <reporter-output>
          </reporter-output>
        </test-method> <!-- select -->
        <test-method signature="checkout()[pri:0, instance:pkg1.SearchPhone@3b2da18f]" started-at="2020-07-30T16:38:23 PDT" name="checkout" finished-at="2020-07-30T16:38:23 PDT" depends-on-methods="pkg1.SearchPhone.select, pkg1.SearchPhone.phoneSearchTest" duration-ms="1" status="PASS">
          <reporter-output>
          </reporter-output>
        </test-method> <!-- checkout -->
      </class> <!-- pkg1.SearchPhone -->
    </test> <!-- Default test -->
  </suite> <!-- Default suite -->
</testng-results>
