<?xml version="1.0" encoding="UTF-8"?>
<!-- Generated by org.testng.reporters.JUnitXMLReporter -->
<testsuite ignored="0" hostname="DESKTOP-FSF1HBS" failures="0" tests="3" name="Test" time="0.013" errors="0" timestamp="2020-07-30T18:05:23 PDT">
  <testcase classname="maven.package2.SearchPhone" name="phoneSearchTest" time="0.005"/>
  <testcase classname="maven.package2.SearchPhone" name="select" time="0.001"/>
  <testcase classname="maven.package2.SearchPhone" name="checkout" time="0.001"/>
</testsuite> <!-- Test -->
